<?xml version="1.0" encoding="UTF-8"?>
<!-- Generated by org.testng.reporters.JUnitReportReporter -->
<testsuite hostname="HP" failures="0" tests="1" name="testCases.New_Customer" time="6.433" errors="0" timestamp="2022-12-13T20:20:50 IST" skipped="0">
  <testcase classname="testCases.New_Customer" name="newCustomer" time="6.433"/>
  <system-out/>
</testsuite> <!-- testCases.New_Customer -->
