<?xml version="1.0" encoding="UTF-8"?>
<!-- Generated by org.testng.reporters.JUnitReportReporter -->
<testsuite hostname="HP" failures="0" tests="1" name="testCases.Login_gtpl" time="13.673" errors="0" timestamp="2022-12-14T04:30:25 IST" skipped="0">
  <testcase classname="testCases.Login_gtpl" name="extentReport" time="13.673"/>
  <system-out/>
</testsuite> <!-- testCases.Login_gtpl -->
